<?xml version="1.0" encoding="UTF-8"?>
<!-- Generated by org.testng.reporters.JUnitReportReporter -->
<testsuite hostname="LTIN407402" name="com.usbank.pega.DemoMockup" tests="1" failures="0" timestamp="20 Aug 2024 11:59:04 GMT" time="10.758" errors="0">
  <testcase name="DemoMock" time="10.758" classname="com.usbank.pega.DemoMockup"/>
</testsuite> <!-- com.usbank.pega.DemoMockup -->
