<?xml version="1.0" encoding="UTF-8"?>
<!-- Generated by org.testng.reporters.JUnitReportReporter -->
<testsuite hostname="LTIN407402" name="com.usbank.pega.SavingRuleNames" tests="1" failures="0" timestamp="20 Aug 2024 18:21:22 GMT" time="65.577" errors="0">
  <testcase name="loginpage" time="65.577" classname="com.usbank.pega.SavingRuleNames"/>
</testsuite> <!-- com.usbank.pega.SavingRuleNames -->
